16:49:46.344 [main] INFO  framework.utils.Log - call method <click> on element [[ChromeDriver: chrome on windows (9efa0e63797fdd01f3186c7281fdd942)] -> link text: My account]
16:49:46.362 [main] INFO  framework.utils.Log - call method <wait for visibility()> on element [[ChromeDriver: chrome on windows (9efa0e63797fdd01f3186c7281fdd942)] -> link text: My account]
16:49:55.185 [main] INFO  framework.utils.Log - method <click> finished [[ChromeDriver: chrome on windows (9efa0e63797fdd01f3186c7281fdd942)] -> link text: My account]
16:49:55.194 [main] INFO  framework.utils.Log - call method <sendKeys> on element [[ChromeDriver: chrome on windows (9efa0e63797fdd01f3186c7281fdd942)] -> id: username]
16:49:55.200 [main] INFO  framework.utils.Log - call method <wait for visibility()> on element [[ChromeDriver: chrome on windows (9efa0e63797fdd01f3186c7281fdd942)] -> id: username]
16:49:55.218 [main] INFO  framework.utils.Log - call method <clear()> on element [[ChromeDriver: chrome on windows (9efa0e63797fdd01f3186c7281fdd942)] -> id: username]
16:49:55.295 [main] INFO  framework.utils.Log - method <sendKeys> finished [[ChromeDriver: chrome on windows (9efa0e63797fdd01f3186c7281fdd942)] -> id: username]
16:49:55.304 [main] INFO  framework.utils.Log - call method <sendKeys> on element [[ChromeDriver: chrome on windows (9efa0e63797fdd01f3186c7281fdd942)] -> id: password]
16:49:55.309 [main] INFO  framework.utils.Log - call method <wait for visibility()> on element [[ChromeDriver: chrome on windows (9efa0e63797fdd01f3186c7281fdd942)] -> id: password]
16:49:55.326 [main] INFO  framework.utils.Log - call method <clear()> on element [[ChromeDriver: chrome on windows (9efa0e63797fdd01f3186c7281fdd942)] -> id: password]
16:49:55.392 [main] INFO  framework.utils.Log - method <sendKeys> finished [[ChromeDriver: chrome on windows (9efa0e63797fdd01f3186c7281fdd942)] -> id: password]
16:49:55.401 [main] INFO  framework.utils.Log - call method <click> on element [[ChromeDriver: chrome on windows (9efa0e63797fdd01f3186c7281fdd942)] -> name: login]
16:49:55.406 [main] INFO  framework.utils.Log - call method <wait for visibility()> on element [[ChromeDriver: chrome on windows (9efa0e63797fdd01f3186c7281fdd942)] -> name: login]
16:50:20.292 [main] INFO  framework.utils.Log - method <click> finished Proxy element for: DefaultElementLocator 'By.name: login'
16:50:20.346 [main] INFO  framework.utils.Log - call method <click> on element [[ChromeDriver: chrome on windows (9efa0e63797fdd01f3186c7281fdd942)] -> link text: Log out]
16:50:20.361 [main] INFO  framework.utils.Log - call method <wait for visibility()> on element [[ChromeDriver: chrome on windows (9efa0e63797fdd01f3186c7281fdd942)] -> link text: Log out]
16:50:49.979 [main] INFO  framework.utils.Log - method <click> finished Proxy element for: DefaultElementLocator 'By.linkText: Log out'
16:50:49.997 [main] INFO  framework.utils.Log - call method <click> on element [[ChromeDriver: chrome on windows (9efa0e63797fdd01f3186c7281fdd942)] -> link text: My account]
16:50:50.007 [main] INFO  framework.utils.Log - call method <wait for visibility()> on element [[ChromeDriver: chrome on windows (9efa0e63797fdd01f3186c7281fdd942)] -> link text: My account]
16:50:57.744 [main] INFO  framework.utils.Log - method <click> finished [[ChromeDriver: chrome on windows (9efa0e63797fdd01f3186c7281fdd942)] -> link text: My account]
16:50:57.752 [main] INFO  framework.utils.Log - call method <sendKeys> on element [[ChromeDriver: chrome on windows (9efa0e63797fdd01f3186c7281fdd942)] -> id: username]
16:50:57.757 [main] INFO  framework.utils.Log - call method <wait for visibility()> on element [[ChromeDriver: chrome on windows (9efa0e63797fdd01f3186c7281fdd942)] -> id: username]
16:50:57.774 [main] INFO  framework.utils.Log - call method <clear()> on element [[ChromeDriver: chrome on windows (9efa0e63797fdd01f3186c7281fdd942)] -> id: username]
16:50:57.840 [main] INFO  framework.utils.Log - method <sendKeys> finished [[ChromeDriver: chrome on windows (9efa0e63797fdd01f3186c7281fdd942)] -> id: username]
16:50:57.848 [main] INFO  framework.utils.Log - call method <sendKeys> on element [[ChromeDriver: chrome on windows (9efa0e63797fdd01f3186c7281fdd942)] -> id: password]
16:50:57.853 [main] INFO  framework.utils.Log - call method <wait for visibility()> on element [[ChromeDriver: chrome on windows (9efa0e63797fdd01f3186c7281fdd942)] -> id: password]
16:50:57.868 [main] INFO  framework.utils.Log - call method <clear()> on element [[ChromeDriver: chrome on windows (9efa0e63797fdd01f3186c7281fdd942)] -> id: password]
16:50:57.925 [main] INFO  framework.utils.Log - method <sendKeys> finished [[ChromeDriver: chrome on windows (9efa0e63797fdd01f3186c7281fdd942)] -> id: password]
16:50:57.933 [main] INFO  framework.utils.Log - call method <click> on element [[ChromeDriver: chrome on windows (9efa0e63797fdd01f3186c7281fdd942)] -> name: login]
16:50:57.938 [main] INFO  framework.utils.Log - call method <wait for visibility()> on element [[ChromeDriver: chrome on windows (9efa0e63797fdd01f3186c7281fdd942)] -> name: login]
16:51:06.043 [main] INFO  framework.utils.Log - method <click> finished [[ChromeDriver: chrome on windows (9efa0e63797fdd01f3186c7281fdd942)] -> name: login]
